TN:
SF:/Users/sander/Node/scrapbook/opposlide/classes/Slide.js
FN:2,(anonymous_0)
FN:8,(anonymous_1)
FN:18,(anonymous_2)
FN:24,(anonymous_3)
FN:40,(anonymous_4)
FNF:5
FNH:4
FNDA:4,(anonymous_0)
FNDA:4,(anonymous_1)
FNDA:4,(anonymous_2)
FNDA:7,(anonymous_3)
FNDA:0,(anonymous_4)
DA:3,4
DA:4,4
DA:5,4
DA:9,4
DA:19,4
DA:25,7
DA:26,5
DA:27,2
DA:28,1
DA:30,1
DA:41,0
LF:11
LH:10
BRDA:18,0,0,4
BRDA:19,1,0,0
BRDA:19,1,1,4
BRDA:25,2,0,5
BRDA:25,2,1,2
BRDA:25,3,0,7
BRDA:25,3,1,5
BRDA:27,4,0,1
BRDA:27,4,1,1
BRF:9
BRH:8
end_of_record
